<?xml version="1.0" encoding="UTF-8"?>
<!-- Generated by org.testng.reporters.JUnitReportReporter -->
<testsuite hostname="MHYD68B8E0D5" failures="0" tests="2" name="com.test.secondTest" time="0.014" errors="0" timestamp="2023-05-08T23:05:51 IST" skipped="0">
  <testcase classname="com.test.secondTest" name="testAdd" time="0.001"/>
  <system-out/>
  <testcase classname="com.test.secondTest" name="test2" time="0.013"/>
  <system-out/>
</testsuite> <!-- com.test.secondTest -->
